<?xml version="1.0" encoding="UTF-8" ?>
<testsuite tests="1" failures="0" name="org.openmrs.module.usermanagement.api.dao.UserManagementDaoTest" time="0.079" errors="0" skipped="1">
  <properties>
[...]
</properties>
  <testcase classname="org.openmrs.module.usermanagement.api.dao.UserManagementDaoTest" name="saveItem_shouldSaveAllPropertiesInDb" time="0.079">
    <skipped message="Unignore if you want to make the Item class persistable, see also Item and liquibase.xml"/>
  </testcase>
</testsuite>